<?xml version="1.0" encoding="UTF-8"?>
<testsuite xmlns:xsi="http://www.w3.org/2001/XMLSchema-instance" xsi:noNamespaceSchemaLocation="https://maven.apache.org/surefire/maven-surefire-plugin/xsd/surefire-test-report.xsd" name="com.devsuperior.dscatalog.services.ProductServiceTests" time="0.192" tests="8" errors="0" skipped="0" failures="0">
  <properties>
[...]
</properties>
  <testcase name="findByIdShouldReturnProductDTOWhenIdExists" classname="com.devsuperior.dscatalog.services.ProductServiceTests" time="0.011"/>
  <testcase name="deleteShouldThrowResourceNotFoundExceptionWhenIdDoesNotExist" classname="com.devsuperior.dscatalog.services.ProductServiceTests" time="0.011"/>
  <testcase name="updateShouldThrowResourceNotFoundExceptionWhenIdDoesNotExist" classname="com.devsuperior.dscatalog.services.ProductServiceTests" time="0.005"/>
  <testcase name="updateShouldReturnProductDTOWhenIdExists" classname="com.devsuperior.dscatalog.services.ProductServiceTests" time="0.004"/>
  <testcase name="findByIdShouldThrowResourceNotFoundExceptionWhenIdDoesNotExist" classname="com.devsuperior.dscatalog.services.ProductServiceTests" time="0.008"/>
  <testcase name="deleteShouldDoNothingWhenIdExists" classname="com.devsuperior.dscatalog.services.ProductServiceTests" time="0.007"/>
  <testcase name="findAllPagedShouldReturnPage" classname="com.devsuperior.dscatalog.services.ProductServiceTests" time="0.007"/>
  <testcase name="deleteShouldThrowDatabaseExceptionWhenDependentId" classname="com.devsuperior.dscatalog.services.ProductServiceTests" time="0.005"/>
</testsuite>